<?xml version="1.0"?>
<testsuites>
  <testsuite name="PhantomJS 1.9.2 (Mac OS X)" package="" timestamp="2013-12-10T08:34:55" id="0" hostname="n119237225181.netvigator.com" tests="0" errors="1" failures="0" time="0">
    <properties>
      <property name="browser.fullName" value="Mozilla/5.0 (Macintosh; Intel Mac OS X) AppleWebKit/534.34 (KHTML, like Gecko) PhantomJS/1.9.2 Safari/534.34"/>
    </properties>
    <system-out><![CDATA[PhantomJS 1.9.2 (Mac OS X) ERROR
	TypeError: 'undefined' is not an object (evaluating 'Template.cohortsControl.helpers')
	at /Users/deepakjayakumaran/Documents/symbiote/app/client/views/includes/cohorts_control.js:1
,PhantomJS 1.9.2 (Mac OS X) ERROR
	TypeError: 'undefined' is not an object (evaluating 'Template.header.helpers')
	at /Users/deepakjayakumaran/Documents/symbiote/app/client/views/includes/header.js:1

]]></system-out>
    <system-err/>
  </testsuite>
</testsuites>
